[debug] [2024-09-22T19:51:44.500Z] ----------------------------------------------------------------------
[debug] [2024-09-22T19:51:44.503Z] Command:       C:\Program Files\nodejs\node.exe C:\Users\sudhmis\AppData\Roaming\npm\node_modules\firebase-tools\lib\bin\firebase.js init
[debug] [2024-09-22T19:51:44.503Z] CLI Version:   13.18.0
[debug] [2024-09-22T19:51:44.504Z] Platform:      win32
[debug] [2024-09-22T19:51:44.504Z] Node Version:  v20.5.1
[debug] [2024-09-22T19:51:44.504Z] Time:          Mon Sep 23 2024 01:21:44 GMT+0530 (India Standard Time)
[debug] [2024-09-22T19:51:44.504Z] ----------------------------------------------------------------------
[debug] 
[debug] [2024-09-22T19:51:44.512Z] > command requires scopes: ["email","openid","https://www.googleapis.com/auth/cloudplatformprojects.readonly","https://www.googleapis.com/auth/firebase","https://www.googleapis.com/auth/cloud-platform"]
[debug] [2024-09-22T19:51:44.513Z] > authorizing via signed-in user (sudhanshumishra22122017@gmail.com)
[info] 
     ######## #### ########  ######## ########     ###     ######  ########
     ##        ##  ##     ## ##       ##     ##  ##   ##  ##       ##
     ######    ##  ########  ######   ########  #########  ######  ######
     ##        ##  ##    ##  ##       ##     ## ##     ##       ## ##
     ##       #### ##     ## ######## ########  ##     ##  ######  ########

You're about to initialize a Firebase project in this directory:

  C:\Users\sudhmis\Desktop\Notes-APP

[info] 
=== Project Setup
[info] 
[info] First, let's associate this project directory with a Firebase project.
[info] You can create multiple project aliases by running firebase use --add, 
[info] but for now we'll just set up a default project.
[info] 
[debug] [2024-09-22T19:52:20.442Z] >>> [apiv2][query] GET https://firebase.googleapis.com/v1beta1/projects pageSize=100
[debug] [2024-09-22T19:52:21.184Z] <<< [apiv2][status] GET https://firebase.googleapis.com/v1beta1/projects 200
[debug] [2024-09-22T19:52:21.184Z] <<< [apiv2][body] GET https://firebase.googleapis.com/v1beta1/projects [omitted]
[info] i  Using project mynotes-7fdda (Mynotes) 
[info] 
=== Hosting Setup
[debug] [2024-09-22T19:52:23.707Z] >>> [apiv2][query] GET https://firebase.googleapis.com/v1beta1/projects/mynotes-7fdda [none]
[debug] [2024-09-22T19:52:24.037Z] <<< [apiv2][status] GET https://firebase.googleapis.com/v1beta1/projects/mynotes-7fdda 200
[debug] [2024-09-22T19:52:24.038Z] <<< [apiv2][body] GET https://firebase.googleapis.com/v1beta1/projects/mynotes-7fdda {"projectId":"mynotes-7fdda","projectNumber":"960101173257","displayName":"Mynotes","name":"projects/mynotes-7fdda","resources":{"hostingSite":"mynotes-7fdda"},"state":"ACTIVE","etag":"1_52e77ca7-01da-4dad-b3a4-c4ab933b4acd"}
[info] 
[info] Your public directory is the folder (relative to your project directory) that
[info] will contain Hosting assets to be uploaded with firebase deploy. If you
[info] have a build process for your assets, use your build's output directory.
[info] 
